2026-03-28 15:34:34,200 [ERROR] pytorrent.core.trackers: Failed to get addr info from UDPTracker(9.rarbg.com:2810): [Errno -2] Name or service not known
2026-03-28 15:34:34,201 [ERROR] pytorrent.core.trackers: Failed to get addr info from UDPTracker(retracker.lanta-net.ru:2710): [Errno -2] Name or service not known
2026-03-28 15:34:34,214 [ERROR] pytorrent.core.trackers: Failed to get addr info from UDPTracker(tracker.tiny-vps.com:6969): [Errno -2] Name or service not known
2026-03-28 15:34:34,327 [ERROR] pytorrent.core.trackers: Failed to get addr info from UDPTracker(retracker.netbynet.ru:2710): [Errno -2] Name or service not known
2026-03-28 15:34:34,327 [ERROR] pytorrent.core.trackers: Error occured while connecting to HTTPTracker(tracker.gbitt.info:80): [Errno -2] Name or service not known
2026-03-28 15:34:34,428 [ERROR] pytorrent.core.trackers: Failed to get addr info from UDPTracker(tracker.bitsearch.to:1337): [Errno -2] Name or service not known
2026-03-28 15:34:34,634 [ERROR] pytorrent.core.trackers: Error occured while connecting to HTTPTracker(tracker.openbittorrent.com:80): unknown object type identifier '<'
2026-03-28 15:34:37,122 [ERROR] pytorrent.core.trackers: Error occured while connecting to HTTPTracker(tracker.opentrackr.org:1337): 
2026-03-28 15:34:38,119 [WARNING] pytorrent.core.nat_traversal: NAT: UPnP và PCP đều thất bại. Kết nối vào chỉ hoạt động nếu đã forward port thủ công.
2026-03-28 15:34:38,120 [WARNING] pytorrent.torrent: NAT traversal failed — client sẽ không nhận được kết nối vào nếu port 6881 chưa được forward trên router.
2026-03-28 15:34:53,398 [ERROR] pytorrent.core.trackers: Failed to get addr info from UDPTracker(uploads.gamecoast.net:6969): [Errno -2] Name or service not known
2026-03-28 15:34:53,399 [ERROR] pytorrent.core.trackers: Failed to get addr info from UDPTracker(tracker.tiny-vps.com:6969): [Errno -2] Name or service not known
2026-03-28 15:34:53,400 [ERROR] pytorrent.core.trackers: Failed to get addr info from UDPTracker(opentracker.i2p.rocks:6969): [Errno -2] Name or service not known
2026-03-28 15:34:53,526 [ERROR] pytorrent.core.trackers: Failed to get addr info from UDPTracker(private.anonseed.com:6969): [Errno -2] Name or service not known
2026-03-28 15:34:53,797 [ERROR] pytorrent.core.trackers: Error occured while connecting to HTTPTracker(tracker.openbittorrent.com:80): unknown object type identifier '<'
2026-03-28 15:34:53,797 [ERROR] pytorrent.core.trackers: Error occured while connecting to HTTPTracker(tracker.tamersunion.org:443): [Errno -2] Name or service not known
2026-03-28 15:34:54,007 [ERROR] pytorrent.core.trackers: Failed to get addr info from UDPTracker(tracker.publictracker.xyz:6969): [Errno -2] Name or service not known
2026-03-28 15:34:54,111 [ERROR] pytorrent.core.trackers: Error fetching peers from HTTPTracker(nyaa.tracker.wf:7777): Error Code: 400 - Bad Request
2026-03-28 15:34:54,113 [ERROR] pytorrent.core.trackers: Failed to get addr info from UDPTracker(tracker.ccp.ovh:6969): [Errno -2] Name or service not known
2026-03-28 15:34:54,113 [ERROR] pytorrent.core.trackers: Failed to get addr info from UDPTracker(tracker.farted.net:6969): [Errno -2] Name or service not known
2026-03-28 15:34:54,190 [ERROR] pytorrent.core.trackers: Failed to get addr info from UDPTracker(run-2.publictracker.xyz:6969): [Errno -2] Name or service not known
2026-03-28 15:34:54,307 [ERROR] pytorrent.core.trackers: Failed to get addr info from UDPTracker(oh.fuuuuuck.com:6969): [Errno -2] Name or service not known
2026-03-28 15:34:54,511 [ERROR] pytorrent.core.trackers: Error fetching peers from HTTPTracker(tracker1.520.jp:443): Error Code: 301 - Moved Permanently
2026-03-28 15:34:54,515 [ERROR] pytorrent.core.trackers: Failed to get addr info from UDPTracker(free.publictracker.xyz:6969): [Errno -2] Name or service not known
2026-03-28 15:34:54,519 [ERROR] pytorrent.core.trackers: Failed to get addr info from UDPTracker(mail.segso.net:6969): [Errno -2] Name or service not known
2026-03-28 15:34:54,669 [ERROR] pytorrent.core.trackers: Failed to get addr info from UDPTracker(tracker.artixlinux.org:6969): [Errno -2] Name or service not known
2026-03-28 15:34:54,826 [ERROR] pytorrent.core.trackers: Failed to get addr info from UDPTracker(tracker.0x7c0.com:6969): [Errno -2] Name or service not known
2026-03-28 15:34:54,828 [ERROR] pytorrent.core.trackers: Failed to get addr info from UDPTracker(boysbitte.be:6969): [Errno -2] Name or service not known
2026-03-28 15:34:56,173 [ERROR] pytorrent.core.trackers: Error occured while connecting to HTTPTracker(tracker.opentrackr.org:1337): 
2026-03-28 15:34:56,174 [ERROR] pytorrent.core.trackers: Error occured while connecting to HTTPTracker(tracker.imgoingto.icu:443): 
2026-03-28 15:34:56,495 [ERROR] pytorrent.core.trackers: Failed to get addr info from UDPTracker(fh2.cmp-gaming.com:6969): [Errno -2] Name or service not known
2026-03-28 15:34:56,506 [ERROR] pytorrent.core.trackers: Failed to get addr info from UDPTracker(public-tracker.cf:6969): [Errno -2] Name or service not known
2026-03-28 15:34:56,685 [WARNING] pytorrent.core.trackers: UDP tracker: announce response quá ngắn (8B) — có thể là error packet, bỏ qua.
2026-03-28 15:34:57,170 [WARNING] pytorrent.core.nat_traversal: NAT: UPnP và PCP đều thất bại. Kết nối vào chỉ hoạt động nếu đã forward port thủ công.
2026-03-28 15:34:57,170 [WARNING] pytorrent.torrent: NAT traversal failed — client sẽ không nhận được kết nối vào nếu port 6882 chưa được forward trên router.
2026-03-28 15:34:57,209 [ERROR] pytorrent.core.trackers: Failed to get addr info from UDPTracker(public.publictracker.xyz:6969): [Errno -2] Name or service not known
2026-03-28 15:34:58,104 [ERROR] pytorrent.core.trackers: Error fetching peers from HTTPTracker(tracker.opentrackr.org:1337): Error Code: 400 - Invalid Request
2026-03-28 15:35:11,706 [WARNING] pytorrent.core.trackers: UDP tracker: announce response quá ngắn (8B) — có thể là error packet, bỏ qua.
2026-03-28 15:35:27,407 [WARNING] pytorrent.torrent:   No NAT mapping active. Seeder not reachable from outside unless port 6882 is manually forwarded.
2026-03-28 15:35:41,667 [WARNING] pytorrent.core.trackers: UDP tracker: announce response quá ngắn (8B) — có thể là error packet, bỏ qua.
2026-03-28 15:36:27,409 [WARNING] pytorrent.torrent: Torrent: Pruned 3 peers.
2026-03-28 15:36:41,672 [WARNING] pytorrent.core.trackers: UDP tracker: announce response quá ngắn (8B) — có thể là error packet, bỏ qua.
2026-03-28 15:37:34,088 [WARNING] pytorrent.piece: Piece #791: SHA-1 validation failed. Dropping.
2026-03-28 15:37:34,090 [WARNING] pytorrent.torrent: Torrent: Pruned 3 peers.
2026-03-28 15:38:34,092 [WARNING] pytorrent.torrent: Torrent: Pruned 3 peers.
2026-03-28 15:38:41,684 [WARNING] pytorrent.core.trackers: UDP tracker: announce response quá ngắn (8B) — có thể là error packet, bỏ qua.
2026-03-28 15:39:34,094 [WARNING] pytorrent.torrent: Torrent: Pruned 3 peers.
2026-03-28 15:40:34,097 [WARNING] pytorrent.torrent: Torrent: Pruned 15 peers.
2026-03-28 15:41:34,099 [WARNING] pytorrent.torrent: Torrent: Pruned 2 peers.
2026-03-28 15:42:34,102 [WARNING] pytorrent.torrent: Torrent: Pruned 2 peers.
2026-03-28 15:42:41,849 [WARNING] pytorrent.core.trackers: UDP tracker: announce response quá ngắn (8B) — có thể là error packet, bỏ qua.
2026-03-28 15:43:06,795 [WARNING] pytorrent.torrent: Torrent: Pruned 3 peers.
2026-03-28 15:43:34,104 [WARNING] pytorrent.torrent: Torrent: Pruned 2 peers.
2026-03-28 15:44:34,107 [WARNING] pytorrent.torrent: Torrent: Pruned 2 peers.
2026-03-28 15:45:34,109 [WARNING] pytorrent.torrent: Torrent: Pruned 2 peers.
2026-03-28 15:46:34,111 [WARNING] pytorrent.torrent: Torrent: Pruned 2 peers.
2026-03-28 15:47:34,114 [WARNING] pytorrent.torrent: Torrent: Pruned 2 peers.
2026-03-28 15:48:34,117 [WARNING] pytorrent.torrent: Torrent: Pruned 2 peers.
2026-03-28 15:49:34,119 [WARNING] pytorrent.torrent: Torrent: Pruned 2 peers.
2026-03-28 15:50:34,121 [WARNING] pytorrent.torrent: Torrent: Pruned 2 peers.
2026-03-28 15:50:41,761 [WARNING] pytorrent.core.trackers: UDP tracker: announce response quá ngắn (8B) — có thể là error packet, bỏ qua.
2026-03-28 15:51:34,124 [WARNING] pytorrent.torrent: Torrent: Pruned 2 peers.
2026-03-28 15:52:34,126 [WARNING] pytorrent.torrent: Torrent: Pruned 2 peers.
2026-03-28 15:53:34,129 [WARNING] pytorrent.torrent: Torrent: Pruned 2 peers.
2026-03-28 15:54:34,131 [WARNING] pytorrent.torrent: Torrent: Pruned 2 peers.
2026-03-28 15:55:34,134 [WARNING] pytorrent.torrent: Torrent: Pruned 2 peers.
2026-03-28 15:56:34,137 [WARNING] pytorrent.torrent: Torrent: Pruned 2 peers.
2026-03-28 15:57:34,140 [WARNING] pytorrent.torrent: Torrent: Pruned 2 peers.
2026-03-28 15:58:34,142 [WARNING] pytorrent.torrent: Torrent: Pruned 2 peers.
2026-03-28 15:59:34,145 [WARNING] pytorrent.torrent: Torrent: Pruned 2 peers.
2026-03-28 16:00:34,147 [WARNING] pytorrent.torrent: Torrent: Pruned 2 peers.
2026-03-28 16:01:34,149 [WARNING] pytorrent.torrent: Torrent: Pruned 1 peers.
2026-03-28 16:02:11,239 [ERROR] pytorrent.core.trackers: Failed to get addr info from UDPTracker(retracker.lanta-net.ru:2710): [Errno -2] Name or service not known
2026-03-28 16:02:11,241 [ERROR] pytorrent.core.trackers: Failed to get addr info from UDPTracker(9.rarbg.com:2810): [Errno -2] Name or service not known
2026-03-28 16:02:11,241 [ERROR] pytorrent.core.trackers: Failed to get addr info from UDPTracker(tracker.bitsearch.to:1337): [Errno -2] Name or service not known
2026-03-28 16:02:11,242 [ERROR] pytorrent.core.trackers: Failed to get addr info from UDPTracker(retracker.netbynet.ru:2710): [Errno -2] Name or service not known
2026-03-28 16:02:11,242 [ERROR] pytorrent.core.trackers: Failed to get addr info from UDPTracker(tracker.tiny-vps.com:6969): [Errno -2] Name or service not known
2026-03-28 16:02:11,440 [ERROR] pytorrent.core.trackers: Error occured while connecting to HTTPTracker(tracker.gbitt.info:80): [Errno -2] Name or service not known
2026-03-28 16:02:11,533 [ERROR] pytorrent.core.trackers: Error occured while connecting to HTTPTracker(tracker.openbittorrent.com:80): [Errno -2] Name or service not known
2026-03-28 16:02:13,787 [ERROR] pytorrent.core.trackers: Error occured while connecting to HTTPTracker(tracker.opentrackr.org:1337): 
2026-03-28 16:02:15,335 [ERROR] pytorrent.core.trackers: Error fetching peers from HTTPTracker(tracker.opentrackr.org:1337): Error Code: 400 - Invalid Request
2026-03-28 16:02:34,152 [WARNING] pytorrent.torrent: Torrent: Pruned 1 peers.
2026-03-28 16:02:53,562 [ERROR] pytorrent.core.trackers: Failed to get addr info from UDPTracker(tracker.tiny-vps.com:6969): [Errno -2] Name or service not known
2026-03-28 16:02:53,564 [ERROR] pytorrent.core.trackers: Failed to get addr info from UDPTracker(uploads.gamecoast.net:6969): [Errno -2] Name or service not known
2026-03-28 16:02:53,565 [ERROR] pytorrent.core.trackers: Failed to get addr info from UDPTracker(opentracker.i2p.rocks:6969): [Errno -2] Name or service not known
2026-03-28 16:02:53,784 [ERROR] pytorrent.core.trackers: Failed to get addr info from UDPTracker(tracker.openbittorrent.com:6969): [Errno -2] Name or service not known
2026-03-28 16:02:53,786 [ERROR] pytorrent.core.trackers: Error occured while connecting to HTTPTracker(tracker.tamersunion.org:443): [Errno -2] Name or service not known
2026-03-28 16:02:53,787 [ERROR] pytorrent.core.trackers: Error occured while connecting to HTTPTracker(tracker.openbittorrent.com:80): [Errno -2] Name or service not known
2026-03-28 16:02:53,939 [ERROR] pytorrent.core.trackers: Failed to get addr info from UDPTracker(private.anonseed.com:6969): [Errno -2] Name or service not known
2026-03-28 16:02:54,084 [ERROR] pytorrent.core.trackers: Failed to get addr info from UDPTracker(tracker.farted.net:6969): [Errno -2] Name or service not known
2026-03-28 16:02:54,241 [ERROR] pytorrent.core.trackers: Error fetching peers from HTTPTracker(nyaa.tracker.wf:7777): Error Code: 400 - Bad Request
2026-03-28 16:02:54,244 [ERROR] pytorrent.core.trackers: Failed to get addr info from UDPTracker(tracker.ccp.ovh:6969): [Errno -2] Name or service not known
2026-03-28 16:02:54,244 [ERROR] pytorrent.core.trackers: Failed to get addr info from UDPTracker(run-2.publictracker.xyz:6969): [Errno -2] Name or service not known
2026-03-28 16:02:54,244 [ERROR] pytorrent.core.trackers: Failed to get addr info from UDPTracker(tracker.0x7c0.com:6969): [Errno -2] Name or service not known
2026-03-28 16:02:54,244 [ERROR] pytorrent.core.trackers: Failed to get addr info from UDPTracker(tracker.publictracker.xyz:6969): [Errno -2] Name or service not known
2026-03-28 16:02:54,442 [ERROR] pytorrent.core.trackers: Failed to get addr info from UDPTracker(oh.fuuuuuck.com:6969): [Errno -2] Name or service not known
2026-03-28 16:02:54,443 [ERROR] pytorrent.core.trackers: Failed to get addr info from UDPTracker(free.publictracker.xyz:6969): [Errno -2] Name or service not known
2026-03-28 16:02:54,649 [ERROR] pytorrent.core.trackers: Failed to get addr info from UDPTracker(tracker.artixlinux.org:6969): [Errno -2] Name or service not known
2026-03-28 16:02:54,653 [ERROR] pytorrent.core.trackers: Failed to get addr info from UDPTracker(mail.segso.net:6969): [Errno -2] Name or service not known
2026-03-28 16:02:54,753 [ERROR] pytorrent.core.trackers: Failed to get addr info from UDPTracker(boysbitte.be:6969): [Errno -2] Name or service not known
2026-03-28 16:02:54,753 [ERROR] pytorrent.core.trackers: Failed to get addr info from UDPTracker(public-tracker.cf:6969): [Errno -2] Name or service not known
2026-03-28 16:02:55,096 [WARNING] pytorrent.core.trackers: UDP tracker: announce response quá ngắn (8B) — có thể là error packet, bỏ qua.
2026-03-28 16:02:55,259 [ERROR] pytorrent.core.trackers: Error fetching peers from HTTPTracker(tracker.opentrackr.org:1337): Error Code: 400 - Invalid Request
2026-03-28 16:02:55,266 [ERROR] pytorrent.core.trackers: Error fetching peers from HTTPTracker(tracker1.520.jp:443): Error Code: 301 - Moved Permanently
2026-03-28 16:02:55,547 [ERROR] pytorrent.core.trackers: Failed to get addr info from UDPTracker(fh2.cmp-gaming.com:6969): [Errno -2] Name or service not known
2026-03-28 16:02:56,426 [ERROR] pytorrent.core.trackers: Error occured while connecting to HTTPTracker(tracker.imgoingto.icu:443): 
2026-03-28 16:03:02,234 [ERROR] pytorrent.core.trackers: Failed to get addr info from UDPTracker(public.publictracker.xyz:6969): [Errno -2] Name or service not known
2026-03-28 16:03:10,216 [WARNING] pytorrent.core.trackers: UDP tracker: announce response quá ngắn (8B) — có thể là error packet, bỏ qua.
2026-03-28 16:03:34,155 [WARNING] pytorrent.torrent: Torrent: Pruned 1 peers.
2026-03-28 16:03:40,356 [WARNING] pytorrent.core.trackers: UDP tracker: announce response quá ngắn (8B) — có thể là error packet, bỏ qua.
2026-03-28 16:04:34,158 [WARNING] pytorrent.torrent: Torrent: Pruned 2 peers.
2026-03-28 16:04:40,232 [WARNING] pytorrent.core.trackers: UDP tracker: announce response quá ngắn (8B) — có thể là error packet, bỏ qua.
2026-03-28 16:05:34,159 [WARNING] pytorrent.torrent: Torrent: Pruned 2 peers.
2026-03-28 16:06:34,162 [WARNING] pytorrent.torrent: Torrent: Pruned 2 peers.
2026-03-28 16:06:40,172 [WARNING] pytorrent.core.trackers: UDP tracker: announce response quá ngắn (8B) — có thể là error packet, bỏ qua.
2026-03-28 16:06:41,689 [WARNING] pytorrent.core.trackers: UDP tracker: announce response quá ngắn (8B) — có thể là error packet, bỏ qua.
2026-03-28 16:07:34,164 [WARNING] pytorrent.torrent: Torrent: Pruned 2 peers.
2026-03-28 16:08:34,166 [WARNING] pytorrent.torrent: Torrent: Pruned 2 peers.
2026-03-28 16:09:34,169 [WARNING] pytorrent.torrent: Torrent: Pruned 2 peers.
2026-03-28 16:10:34,171 [WARNING] pytorrent.torrent: Torrent: Pruned 2 peers.
2026-03-28 16:10:40,141 [WARNING] pytorrent.core.trackers: UDP tracker: announce response quá ngắn (8B) — có thể là error packet, bỏ qua.
2026-03-28 16:11:34,173 [WARNING] pytorrent.torrent: Torrent: Pruned 2 peers.
2026-03-28 16:12:34,175 [WARNING] pytorrent.torrent: Torrent: Pruned 2 peers.
2026-03-28 16:13:34,177 [WARNING] pytorrent.torrent: Torrent: Pruned 1 peers.
2026-03-28 16:14:34,180 [WARNING] pytorrent.torrent: Torrent: Pruned 1 peers.
2026-03-28 16:15:34,182 [WARNING] pytorrent.torrent: Torrent: Pruned 1 peers.
2026-03-28 16:16:34,184 [WARNING] pytorrent.torrent: Torrent: Pruned 1 peers.
2026-03-28 16:17:34,186 [WARNING] pytorrent.torrent: Torrent: Pruned 1 peers.
2026-03-28 16:18:34,188 [WARNING] pytorrent.torrent: Torrent: Pruned 1 peers.
2026-03-28 16:18:40,128 [WARNING] pytorrent.core.trackers: UDP tracker: announce response quá ngắn (8B) — có thể là error packet, bỏ qua.
2026-03-28 16:19:34,190 [WARNING] pytorrent.torrent: Torrent: Pruned 1 peers.
2026-03-28 16:20:34,193 [WARNING] pytorrent.torrent: Torrent: Pruned 1 peers.
2026-03-28 16:21:34,196 [WARNING] pytorrent.torrent: Torrent: Pruned 1 peers.
2026-03-28 16:22:34,198 [WARNING] pytorrent.torrent: Torrent: Pruned 1 peers.
2026-03-28 16:30:18,921 [ERROR] pytorrent.core.trackers: Failed to get addr info from UDPTracker(tracker.tiny-vps.com:6969): [Errno -2] Name or service not known
2026-03-28 16:30:18,922 [ERROR] pytorrent.core.trackers: Failed to get addr info from UDPTracker(opentracker.i2p.rocks:6969): [Errno -2] Name or service not known
2026-03-28 16:30:18,971 [ERROR] pytorrent.core.trackers: Error occured while connecting to HTTPTracker(tracker.tamersunion.org:443): [Errno -2] Name or service not known
2026-03-28 16:30:18,972 [ERROR] pytorrent.core.trackers: Failed to get addr info from UDPTracker(uploads.gamecoast.net:6969): [Errno -2] Name or service not known
2026-03-28 16:30:19,018 [ERROR] pytorrent.core.trackers: Failed to get addr info from UDPTracker(tracker.openbittorrent.com:6969): [Errno -2] Name or service not known
2026-03-28 16:30:19,018 [ERROR] pytorrent.core.trackers: Error occured while connecting to HTTPTracker(tracker.openbittorrent.com:80): [Errno -2] Name or service not known
2026-03-28 16:30:19,076 [ERROR] pytorrent.core.trackers: Failed to get addr info from UDPTracker(private.anonseed.com:6969): [Errno -2] Name or service not known
2026-03-28 16:30:19,212 [ERROR] pytorrent.core.trackers: Failed to get addr info from UDPTracker(tracker.ccp.ovh:6969): [Errno -2] Name or service not known
2026-03-28 16:30:19,212 [ERROR] pytorrent.core.trackers: Failed to get addr info from UDPTracker(tracker.publictracker.xyz:6969): [Errno -2] Name or service not known
2026-03-28 16:30:19,213 [ERROR] pytorrent.core.trackers: Failed to get addr info from UDPTracker(tracker.farted.net:6969): [Errno -2] Name or service not known
2026-03-28 16:30:19,366 [ERROR] pytorrent.core.trackers: Failed to get addr info from UDPTracker(run-2.publictracker.xyz:6969): [Errno -2] Name or service not known
2026-03-28 16:30:19,514 [ERROR] pytorrent.core.trackers: Error fetching peers from HTTPTracker(nyaa.tracker.wf:7777): Error Code: 400 - Bad Request
2026-03-28 16:30:19,588 [ERROR] pytorrent.core.trackers: Failed to get addr info from UDPTracker(free.publictracker.xyz:6969): [Errno -2] Name or service not known
2026-03-28 16:30:19,767 [ERROR] pytorrent.core.trackers: Failed to get addr info from UDPTracker(mail.segso.net:6969): [Errno -2] Name or service not known
2026-03-28 16:30:19,836 [ERROR] pytorrent.core.trackers: Failed to get addr info from UDPTracker(tracker.artixlinux.org:6969): [Errno -2] Name or service not known
2026-03-28 16:30:19,966 [ERROR] pytorrent.core.trackers: Failed to get addr info from UDPTracker(public-tracker.cf:6969): [Errno -2] Name or service not known
2026-03-28 16:30:20,031 [ERROR] pytorrent.core.trackers: Failed to get addr info from UDPTracker(boysbitte.be:6969): [Errno -2] Name or service not known
2026-03-28 16:30:20,247 [ERROR] pytorrent.core.trackers: Error fetching peers from HTTPTracker(tracker1.520.jp:443): Error Code: 301 - Moved Permanently
2026-03-28 16:30:20,317 [ERROR] pytorrent.core.trackers: Failed to get addr info from UDPTracker(oh.fuuuuuck.com:6969): [Errno -2] Name or service not known
2026-03-28 16:30:20,392 [ERROR] pytorrent.core.trackers: Failed to get addr info from UDPTracker(fh2.cmp-gaming.com:6969): [Errno -2] Name or service not known
2026-03-28 16:30:20,462 [WARNING] pytorrent.core.trackers: UDP tracker: announce response quá ngắn (8B) — có thể là error packet, bỏ qua.
2026-03-28 16:30:20,712 [ERROR] pytorrent.core.trackers: Failed to get addr info from UDPTracker(tracker.0x7c0.com:6969): [Errno -2] Name or service not known
2026-03-28 16:30:21,285 [ERROR] pytorrent.core.trackers: Error fetching peers from HTTPTracker(tracker.opentrackr.org:1337): Error Code: 400 - Invalid Request
2026-03-28 16:30:21,300 [ERROR] pytorrent.core.trackers: Failed to get addr info from UDPTracker(public.publictracker.xyz:6969): [Errno -2] Name or service not known
2026-03-28 16:30:21,419 [ERROR] pytorrent.core.trackers: Error occured while connecting to HTTPTracker(tracker.imgoingto.icu:443): 
2026-03-28 16:30:21,870 [ERROR] pytorrent.core.trackers: Failed to get addr info from UDPTracker(tracker.tiny-vps.com:6969): [Errno -2] Name or service not known
2026-03-28 16:30:21,870 [ERROR] pytorrent.core.trackers: Failed to get addr info from UDPTracker(retracker.lanta-net.ru:2710): [Errno -2] Name or service not known
2026-03-28 16:30:21,870 [ERROR] pytorrent.core.trackers: Failed to get addr info from UDPTracker(9.rarbg.com:2810): [Errno -2] Name or service not known
2026-03-28 16:30:21,900 [ERROR] pytorrent.core.trackers: Failed to get addr info from UDPTracker(retracker.netbynet.ru:2710): [Errno -2] Name or service not known
2026-03-28 16:30:21,900 [ERROR] pytorrent.core.trackers: Error occured while connecting to HTTPTracker(tracker.gbitt.info:80): [Errno -2] Name or service not known
2026-03-28 16:30:21,952 [ERROR] pytorrent.core.trackers: Error occured while connecting to HTTPTracker(tracker.openbittorrent.com:80): [Errno -2] Name or service not known
2026-03-28 16:30:21,954 [ERROR] pytorrent.core.trackers: Failed to get addr info from UDPTracker(tracker.bitsearch.to:1337): [Errno -2] Name or service not known
2026-03-28 16:30:22,433 [ERROR] pytorrent.core.trackers: Error fetching peers from HTTPTracker(tracker.opentrackr.org:1337): Error Code: 400 - Invalid Request
2026-03-28 16:30:35,477 [WARNING] pytorrent.core.trackers: UDP tracker: announce response quá ngắn (8B) — có thể là error packet, bỏ qua.
2026-03-28 16:31:05,612 [WARNING] pytorrent.core.trackers: UDP tracker: announce response quá ngắn (8B) — có thể là error packet, bỏ qua.
2026-03-28 16:32:05,560 [WARNING] pytorrent.core.trackers: UDP tracker: announce response quá ngắn (8B) — có thể là error packet, bỏ qua.
2026-03-28 16:34:05,675 [WARNING] pytorrent.core.trackers: UDP tracker: announce response quá ngắn (8B) — có thể là error packet, bỏ qua.
2026-03-28 16:34:40,409 [WARNING] pytorrent.core.trackers: UDP tracker: announce response quá ngắn (8B) — có thể là error packet, bỏ qua.
2026-03-28 16:38:05,494 [WARNING] pytorrent.core.trackers: UDP tracker: announce response quá ngắn (8B) — có thể là error packet, bỏ qua.
2026-03-28 16:38:41,758 [WARNING] pytorrent.core.trackers: UDP tracker: announce response quá ngắn (8B) — có thể là error packet, bỏ qua.
2026-03-28 16:46:05,571 [WARNING] pytorrent.core.trackers: UDP tracker: announce response quá ngắn (8B) — có thể là error packet, bỏ qua.
2026-03-28 16:57:39,592 [ERROR] pytorrent.core.trackers: Failed to get addr info from UDPTracker(tracker.tiny-vps.com:6969): [Errno -2] Name or service not known
2026-03-28 16:57:39,593 [ERROR] pytorrent.core.trackers: Failed to get addr info from UDPTracker(uploads.gamecoast.net:6969): [Errno -2] Name or service not known
2026-03-28 16:57:39,635 [ERROR] pytorrent.core.trackers: Failed to get addr info from UDPTracker(tracker.openbittorrent.com:6969): [Errno -2] Name or service not known
2026-03-28 16:57:39,636 [ERROR] pytorrent.core.trackers: Error occured while connecting to HTTPTracker(tracker.openbittorrent.com:80): [Errno -2] Name or service not known
2026-03-28 16:57:39,673 [ERROR] pytorrent.core.trackers: Failed to get addr info from UDPTracker(opentracker.i2p.rocks:6969): [Errno -2] Name or service not known
2026-03-28 16:57:39,674 [ERROR] pytorrent.core.trackers: Error occured while connecting to HTTPTracker(tracker.tamersunion.org:443): [Errno -2] Name or service not known
2026-03-28 16:57:39,994 [ERROR] pytorrent.core.trackers: Failed to get addr info from UDPTracker(tracker.0x7c0.com:6969): [Errno -2] Name or service not known
2026-03-28 16:57:39,994 [ERROR] pytorrent.core.trackers: Failed to get addr info from UDPTracker(tracker.ccp.ovh:6969): [Errno -2] Name or service not known
2026-03-28 16:57:39,994 [ERROR] pytorrent.core.trackers: Failed to get addr info from UDPTracker(tracker.farted.net:6969): [Errno -2] Name or service not known
2026-03-28 16:57:40,031 [ERROR] pytorrent.core.trackers: Failed to get addr info from UDPTracker(tracker.publictracker.xyz:6969): [Errno -2] Name or service not known
2026-03-28 16:57:40,067 [ERROR] pytorrent.core.trackers: Error fetching peers from HTTPTracker(nyaa.tracker.wf:7777): Error Code: 400 - Bad Request
2026-03-28 16:57:40,072 [ERROR] pytorrent.core.trackers: Error fetching peers from HTTPTracker(tracker.opentrackr.org:1337): Error Code: 400 - Invalid Request
2026-03-28 16:57:40,205 [ERROR] pytorrent.core.trackers: Failed to get addr info from UDPTracker(run-2.publictracker.xyz:6969): [Errno -2] Name or service not known
2026-03-28 16:57:40,407 [ERROR] pytorrent.core.trackers: Failed to get addr info from UDPTracker(oh.fuuuuuck.com:6969): [Errno -2] Name or service not known
2026-03-28 16:57:40,826 [ERROR] pytorrent.core.trackers: Failed to get addr info from UDPTracker(public-tracker.cf:6969): [Errno -2] Name or service not known
2026-03-28 16:57:40,891 [ERROR] pytorrent.core.trackers: Failed to get addr info from UDPTracker(free.publictracker.xyz:6969): [Errno -2] Name or service not known
2026-03-28 16:57:40,924 [ERROR] pytorrent.core.trackers: Failed to get addr info from UDPTracker(fh2.cmp-gaming.com:6969): [Errno -2] Name or service not known
2026-03-28 16:57:40,955 [ERROR] pytorrent.core.trackers: Failed to get addr info from UDPTracker(mail.segso.net:6969): [Errno -2] Name or service not known
2026-03-28 16:57:40,955 [ERROR] pytorrent.core.trackers: Failed to get addr info from UDPTracker(tracker.artixlinux.org:6969): [Errno -2] Name or service not known
2026-03-28 16:57:41,044 [ERROR] pytorrent.core.trackers: Failed to get addr info from UDPTracker(boysbitte.be:6969): [Errno -2] Name or service not known
2026-03-28 16:57:41,400 [WARNING] pytorrent.core.trackers: UDP tracker: announce response quá ngắn (8B) — có thể là error packet, bỏ qua.
2026-03-28 16:57:41,438 [ERROR] pytorrent.core.trackers: Error occured while connecting to HTTPTracker(tracker.imgoingto.icu:443): [Errno -2] Name or service not known
2026-03-28 16:57:41,699 [ERROR] pytorrent.core.trackers: Error fetching peers from HTTPTracker(tracker1.520.jp:443): Error Code: 301 - Moved Permanently
2026-03-28 16:57:45,735 [ERROR] pytorrent.core.trackers: Failed to get addr info from UDPTracker(private.anonseed.com:6969): [Errno -2] Name or service not known
2026-03-28 16:57:48,087 [ERROR] pytorrent.core.trackers: Failed to get addr info from UDPTracker(public.publictracker.xyz:6969): [Errno -2] Name or service not known
2026-03-28 16:57:56,485 [WARNING] pytorrent.core.trackers: UDP tracker: announce response quá ngắn (8B) — có thể là error packet, bỏ qua.
2026-03-28 16:58:26,402 [WARNING] pytorrent.core.trackers: UDP tracker: announce response quá ngắn (8B) — có thể là error packet, bỏ qua.
2026-03-28 16:59:26,433 [WARNING] pytorrent.core.trackers: UDP tracker: announce response quá ngắn (8B) — có thể là error packet, bỏ qua.
2026-03-28 17:00:40,875 [ERROR] pytorrent.core.trackers: Failed to get addr info from UDPTracker(9.rarbg.com:2810): [Errno -2] Name or service not known
2026-03-28 17:00:40,881 [ERROR] pytorrent.core.trackers: Failed to get addr info from UDPTracker(tracker.tiny-vps.com:6969): [Errno -2] Name or service not known
2026-03-28 17:00:40,899 [ERROR] pytorrent.core.trackers: Failed to get addr info from UDPTracker(retracker.lanta-net.ru:2710): [Errno -2] Name or service not known
2026-03-28 17:00:40,913 [ERROR] pytorrent.core.trackers: Error occured while connecting to HTTPTracker(tracker.gbitt.info:80): [Errno -2] Name or service not known
2026-03-28 17:00:40,953 [ERROR] pytorrent.core.trackers: Failed to get addr info from UDPTracker(tracker.bitsearch.to:1337): [Errno -2] Name or service not known
2026-03-28 17:00:40,959 [ERROR] pytorrent.core.trackers: Error occured while connecting to HTTPTracker(tracker.openbittorrent.com:80): [Errno -2] Name or service not known
2026-03-28 17:00:41,378 [ERROR] pytorrent.core.trackers: Failed to get addr info from UDPTracker(retracker.netbynet.ru:2710): [Errno -2] Name or service not known
2026-03-28 17:00:43,796 [ERROR] pytorrent.core.trackers: Error occured while connecting to HTTPTracker(tracker.opentrackr.org:1337): 
2026-03-28 17:00:46,869 [ERROR] pytorrent.core.trackers: Error fetching peers from HTTPTracker(tracker.opentrackr.org:1337): Error Code: 400 - Invalid Request
2026-03-28 17:01:26,408 [WARNING] pytorrent.core.trackers: UDP tracker: announce response quá ngắn (8B) — có thể là error packet, bỏ qua.
2026-03-28 17:02:05,611 [WARNING] pytorrent.core.trackers: UDP tracker: announce response quá ngắn (8B) — có thể là error packet, bỏ qua.
2026-03-28 17:05:26,434 [WARNING] pytorrent.core.trackers: UDP tracker: announce response quá ngắn (8B) — có thể là error packet, bỏ qua.
2026-03-28 17:06:40,862 [WARNING] pytorrent.core.trackers: UDP tracker: announce response quá ngắn (8B) — có thể là error packet, bỏ qua.
2026-03-28 17:13:26,468 [WARNING] pytorrent.core.trackers: UDP tracker: announce response quá ngắn (8B) — có thể là error packet, bỏ qua.
2026-03-28 17:26:25,790 [ERROR] pytorrent.core.trackers: Failed to get addr info from UDPTracker(uploads.gamecoast.net:6969): [Errno -2] Name or service not known
2026-03-28 17:26:25,792 [ERROR] pytorrent.core.trackers: Failed to get addr info from UDPTracker(tracker.tiny-vps.com:6969): [Errno -2] Name or service not known
2026-03-28 17:26:25,792 [ERROR] pytorrent.core.trackers: Failed to get addr info from UDPTracker(opentracker.i2p.rocks:6969): [Errno -2] Name or service not known
2026-03-28 17:26:25,896 [ERROR] pytorrent.core.trackers: Failed to get addr info from UDPTracker(tracker.openbittorrent.com:6969): [Errno -2] Name or service not known
2026-03-28 17:26:25,897 [ERROR] pytorrent.core.trackers: Error occured while connecting to HTTPTracker(tracker.openbittorrent.com:80): [Errno -2] Name or service not known
2026-03-28 17:26:25,898 [ERROR] pytorrent.core.trackers: Failed to get addr info from UDPTracker(private.anonseed.com:6969): [Errno -2] Name or service not known
2026-03-28 17:26:26,061 [ERROR] pytorrent.core.trackers: Error occured while connecting to HTTPTracker(tracker.tamersunion.org:443): [Errno -2] Name or service not known
2026-03-28 17:26:26,233 [ERROR] pytorrent.core.trackers: Failed to get addr info from UDPTracker(run-2.publictracker.xyz:6969): [Errno -2] Name or service not known
2026-03-28 17:26:26,647 [ERROR] pytorrent.core.trackers: Error fetching peers from HTTPTracker(nyaa.tracker.wf:7777): Error Code: 400 - Bad Request
2026-03-28 17:26:26,652 [ERROR] pytorrent.core.trackers: Failed to get addr info from UDPTracker(tracker.farted.net:6969): [Errno -2] Name or service not known
2026-03-28 17:26:26,825 [ERROR] pytorrent.core.trackers: Failed to get addr info from UDPTracker(oh.fuuuuuck.com:6969): [Errno -2] Name or service not known
2026-03-28 17:26:26,953 [ERROR] pytorrent.core.trackers: Failed to get addr info from UDPTracker(mail.segso.net:6969): [Errno -2] Name or service not known
2026-03-28 17:26:26,953 [ERROR] pytorrent.core.trackers: Failed to get addr info from UDPTracker(free.publictracker.xyz:6969): [Errno -2] Name or service not known
2026-03-28 17:26:27,124 [ERROR] pytorrent.core.trackers: Error occured while connecting to HTTPTracker(tracker.imgoingto.icu:443): [Errno -2] Name or service not known
2026-03-28 17:26:27,161 [ERROR] pytorrent.core.trackers: Failed to get addr info from UDPTracker(fh2.cmp-gaming.com:6969): [Errno -2] Name or service not known
2026-03-28 17:26:27,257 [ERROR] pytorrent.core.trackers: Failed to get addr info from UDPTracker(boysbitte.be:6969): [Errno -2] Name or service not known
2026-03-28 17:26:27,295 [ERROR] pytorrent.core.trackers: Failed to get addr info from UDPTracker(tracker.artixlinux.org:6969): [Errno -2] Name or service not known
2026-03-28 17:26:27,775 [ERROR] pytorrent.core.trackers: Error fetching peers from HTTPTracker(tracker1.520.jp:443): Error Code: 301 - Moved Permanently
2026-03-28 17:26:28,292 [WARNING] pytorrent.core.trackers: UDP tracker: announce response quá ngắn (8B) — có thể là error packet, bỏ qua.
2026-03-28 17:26:28,432 [ERROR] pytorrent.core.trackers: Error occured while connecting to HTTPTracker(tracker.opentrackr.org:1337): 
2026-03-28 17:26:29,421 [ERROR] pytorrent.core.trackers: Failed to get addr info from UDPTracker(public.publictracker.xyz:6969): [Errno -2] Name or service not known
2026-03-28 17:26:31,654 [ERROR] pytorrent.core.trackers: Error fetching peers from HTTPTracker(tracker.opentrackr.org:1337): Error Code: 400 - Invalid Request
2026-03-28 17:26:31,852 [ERROR] pytorrent.core.trackers: Failed to get addr info from UDPTracker(tracker.publictracker.xyz:6969): [Errno -2] Name or service not known
2026-03-28 17:26:31,853 [ERROR] pytorrent.core.trackers: Failed to get addr info from UDPTracker(tracker.0x7c0.com:6969): [Errno -2] Name or service not known
2026-03-28 17:26:36,265 [ERROR] pytorrent.core.trackers: Failed to get addr info from UDPTracker(tracker.ccp.ovh:6969): [Errno -2] Name or service not known
2026-03-28 17:26:41,860 [ERROR] pytorrent.core.trackers: Failed to get addr info from UDPTracker(public-tracker.cf:6969): [Errno -2] Name or service not known
2026-03-28 17:26:43,431 [WARNING] pytorrent.core.trackers: UDP tracker: announce response quá ngắn (8B) — có thể là error packet, bỏ qua.
2026-03-28 17:27:13,153 [WARNING] pytorrent.core.trackers: UDP tracker: announce response quá ngắn (8B) — có thể là error packet, bỏ qua.
2026-03-28 17:27:34,324 [WARNING] pytorrent.torrent: Torrent: Pruned 1 peers.
2026-03-28 17:28:13,167 [WARNING] pytorrent.core.trackers: UDP tracker: announce response quá ngắn (8B) — có thể là error packet, bỏ qua.
2026-03-28 17:28:24,907 [ERROR] pytorrent.core.trackers: Failed to get addr info from UDPTracker(tracker.tiny-vps.com:6969): [Errno -2] Name or service not known
2026-03-28 17:28:24,908 [ERROR] pytorrent.core.trackers: Failed to get addr info from UDPTracker(9.rarbg.com:2810): [Errno -2] Name or service not known
2026-03-28 17:28:24,929 [ERROR] pytorrent.core.trackers: Error occured while connecting to HTTPTracker(tracker.gbitt.info:80): [Errno -2] Name or service not known
2026-03-28 17:28:24,975 [ERROR] pytorrent.core.trackers: Failed to get addr info from UDPTracker(retracker.lanta-net.ru:2710): [Errno -2] Name or service not known
2026-03-28 17:28:24,985 [ERROR] pytorrent.core.trackers: Failed to get addr info from UDPTracker(tracker.bitsearch.to:1337): [Errno -2] Name or service not known
2026-03-28 17:28:24,986 [ERROR] pytorrent.core.trackers: Error occured while connecting to HTTPTracker(tracker.openbittorrent.com:80): [Errno -2] Name or service not known
2026-03-28 17:28:25,413 [ERROR] pytorrent.core.trackers: Error fetching peers from HTTPTracker(tracker.opentrackr.org:1337): Error Code: 400 - Invalid Request
2026-03-28 17:28:26,315 [ERROR] pytorrent.core.trackers: Failed to get addr info from UDPTracker(retracker.netbynet.ru:2710): [Errno -2] Name or service not known
2026-03-28 17:29:26,655 [WARNING] pytorrent.core.trackers: UDP tracker: announce response quá ngắn (8B) — có thể là error packet, bỏ qua.
2026-03-28 17:30:13,377 [WARNING] pytorrent.core.trackers: UDP tracker: announce response quá ngắn (8B) — có thể là error packet, bỏ qua.
2026-03-28 17:34:05,652 [WARNING] pytorrent.core.trackers: UDP tracker: announce response quá ngắn (8B) — có thể là error packet, bỏ qua.
2026-03-28 17:34:13,251 [WARNING] pytorrent.core.trackers: UDP tracker: announce response quá ngắn (8B) — có thể là error packet, bỏ qua.
2026-03-28 17:42:13,234 [WARNING] pytorrent.core.trackers: UDP tracker: announce response quá ngắn (8B) — có thể là error packet, bỏ qua.
2026-03-28 17:54:58,714 [ERROR] pytorrent.core.trackers: Failed to get addr info from UDPTracker(opentracker.i2p.rocks:6969): [Errno -2] Name or service not known
2026-03-28 17:54:58,827 [ERROR] pytorrent.core.trackers: Failed to get addr info from UDPTracker(tracker.tiny-vps.com:6969): [Errno -2] Name or service not known
2026-03-28 17:54:58,921 [ERROR] pytorrent.core.trackers: Failed to get addr info from UDPTracker(uploads.gamecoast.net:6969): [Errno -2] Name or service not known
2026-03-28 17:54:59,039 [ERROR] pytorrent.core.trackers: Failed to get addr info from UDPTracker(private.anonseed.com:6969): [Errno -2] Name or service not known
2026-03-28 17:54:59,164 [ERROR] pytorrent.core.trackers: Failed to get addr info from UDPTracker(tracker.publictracker.xyz:6969): [Errno -2] Name or service not known
2026-03-28 17:54:59,185 [ERROR] pytorrent.core.trackers: Error fetching peers from HTTPTracker(nyaa.tracker.wf:7777): Error Code: 400 - Bad Request
2026-03-28 17:54:59,189 [ERROR] pytorrent.core.trackers: Failed to get addr info from UDPTracker(tracker.farted.net:6969): [Errno -2] Name or service not known
2026-03-28 17:54:59,271 [ERROR] pytorrent.core.trackers: Failed to get addr info from UDPTracker(tracker.ccp.ovh:6969): [Errno -2] Name or service not known
2026-03-28 17:54:59,383 [ERROR] pytorrent.core.trackers: Failed to get addr info from UDPTracker(tracker.0x7c0.com:6969): [Errno -2] Name or service not known
2026-03-28 17:54:59,503 [ERROR] pytorrent.core.trackers: Failed to get addr info from UDPTracker(run-2.publictracker.xyz:6969): [Errno -2] Name or service not known
2026-03-28 17:54:59,689 [ERROR] pytorrent.core.trackers: Failed to get addr info from UDPTracker(oh.fuuuuuck.com:6969): [Errno -2] Name or service not known
2026-03-28 17:54:59,901 [ERROR] pytorrent.core.trackers: Failed to get addr info from UDPTracker(free.publictracker.xyz:6969): [Errno -2] Name or service not known
2026-03-28 17:55:00,051 [ERROR] pytorrent.core.trackers: Error fetching peers from HTTPTracker(tracker.opentrackr.org:1337): Error Code: 400 - Invalid Request
2026-03-28 17:55:00,119 [ERROR] pytorrent.core.trackers: Failed to get addr info from UDPTracker(mail.segso.net:6969): [Errno -2] Name or service not known
2026-03-28 17:55:00,153 [ERROR] pytorrent.core.trackers: Failed to get addr info from UDPTracker(tracker.artixlinux.org:6969): [Errno -2] Name or service not known
2026-03-28 17:55:00,375 [ERROR] pytorrent.core.trackers: Failed to get addr info from UDPTracker(boysbitte.be:6969): [Errno -2] Name or service not known
2026-03-28 17:55:00,478 [ERROR] pytorrent.core.trackers: Failed to get addr info from UDPTracker(public-tracker.cf:6969): [Errno -2] Name or service not known
2026-03-28 17:55:00,994 [ERROR] pytorrent.core.trackers: Error fetching peers from HTTPTracker(tracker1.520.jp:443): Error Code: 301 - Moved Permanently
2026-03-28 17:55:01,149 [ERROR] pytorrent.core.trackers: Error occured while connecting to HTTPTracker(tracker.imgoingto.icu:443): [Errno -2] Name or service not known
2026-03-28 17:55:01,436 [ERROR] pytorrent.core.trackers: Error occured while connecting to HTTPTracker(tracker.openbittorrent.com:80): 
2026-03-28 17:55:01,436 [ERROR] pytorrent.core.trackers: Error occured while connecting to HTTPTracker(tracker.tamersunion.org:443): 
2026-03-28 17:55:01,479 [WARNING] pytorrent.core.trackers: UDP tracker: announce response quá ngắn (8B) — có thể là error packet, bỏ qua.
2026-03-28 17:55:01,553 [ERROR] pytorrent.core.trackers: Failed to get addr info from UDPTracker(fh2.cmp-gaming.com:6969): [Errno -2] Name or service not known
2026-03-28 17:55:02,556 [ERROR] pytorrent.core.trackers: Failed to get addr info from UDPTracker(public.publictracker.xyz:6969): [Errno -2] Name or service not known
2026-03-28 17:55:03,831 [ERROR] pytorrent.core.trackers: Failed to get addr info from UDPTracker(tracker.openbittorrent.com:6969): [Errno -2] Name or service not known
2026-03-28 17:55:16,651 [WARNING] pytorrent.core.trackers: UDP tracker: announce response quá ngắn (8B) — có thể là error packet, bỏ qua.
2026-03-28 17:55:46,643 [WARNING] pytorrent.core.trackers: UDP tracker: announce response quá ngắn (8B) — có thể là error packet, bỏ qua.
2026-03-28 17:56:09,187 [ERROR] pytorrent.core.trackers: Failed to get addr info from UDPTracker(retracker.netbynet.ru:2710): [Errno -2] Name or service not known
2026-03-28 17:56:09,223 [ERROR] pytorrent.core.trackers: Error occured while connecting to HTTPTracker(tracker.gbitt.info:80): [Errno -2] Name or service not known
2026-03-28 17:56:09,231 [ERROR] pytorrent.core.trackers: Failed to get addr info from UDPTracker(tracker.bitsearch.to:1337): [Errno -2] Name or service not known
2026-03-28 17:56:09,261 [ERROR] pytorrent.core.trackers: Failed to get addr info from UDPTracker(tracker.tiny-vps.com:6969): [Errno -2] Name or service not known
2026-03-28 17:56:09,415 [ERROR] pytorrent.core.trackers: Failed to get addr info from UDPTracker(retracker.lanta-net.ru:2710): [Errno -2] Name or service not known
2026-03-28 17:56:09,415 [ERROR] pytorrent.core.trackers: Failed to get addr info from UDPTracker(9.rarbg.com:2810): [Errno -2] Name or service not known
2026-03-28 17:56:11,205 [ERROR] pytorrent.core.trackers: Error fetching peers from HTTPTracker(tracker.opentrackr.org:1337): Error Code: 400 - Invalid Request
2026-03-28 17:56:11,802 [ERROR] pytorrent.core.trackers: Error occured while connecting to HTTPTracker(tracker.openbittorrent.com:80): 
2026-03-28 17:56:34,382 [WARNING] pytorrent.torrent: Torrent: Pruned 1 peers.
2026-03-28 17:56:46,640 [WARNING] pytorrent.core.trackers: UDP tracker: announce response quá ngắn (8B) — có thể là error packet, bỏ qua.
2026-03-28 17:58:13,142 [WARNING] pytorrent.core.trackers: UDP tracker: announce response quá ngắn (8B) — có thể là error packet, bỏ qua.
2026-03-28 17:58:46,445 [WARNING] pytorrent.core.trackers: UDP tracker: announce response quá ngắn (8B) — có thể là error packet, bỏ qua.
2026-03-28 18:01:26,660 [WARNING] pytorrent.core.trackers: UDP tracker: announce response quá ngắn (8B) — có thể là error packet, bỏ qua.
2026-03-28 18:02:46,848 [WARNING] pytorrent.core.trackers: UDP tracker: announce response quá ngắn (8B) — có thể là error packet, bỏ qua.
2026-03-28 18:10:46,548 [WARNING] pytorrent.core.trackers: UDP tracker: announce response quá ngắn (8B) — có thể là error packet, bỏ qua.
2026-03-28 18:22:19,987 [ERROR] pytorrent.core.trackers: Failed to get addr info from UDPTracker(opentracker.i2p.rocks:6969): [Errno -2] Name or service not known
2026-03-28 18:22:20,487 [ERROR] pytorrent.core.trackers: Failed to get addr info from UDPTracker(uploads.gamecoast.net:6969): [Errno -2] Name or service not known
2026-03-28 18:22:20,491 [ERROR] pytorrent.core.trackers: Failed to get addr info from UDPTracker(tracker.tiny-vps.com:6969): [Errno -2] Name or service not known
2026-03-28 18:22:20,545 [ERROR] pytorrent.core.trackers: Failed to get addr info from UDPTracker(tracker.openbittorrent.com:6969): [Errno -2] Name or service not known
2026-03-28 18:22:20,547 [ERROR] pytorrent.core.trackers: Error occured while connecting to HTTPTracker(tracker.tamersunion.org:443): [Errno -2] Name or service not known
2026-03-28 18:22:20,667 [ERROR] pytorrent.core.trackers: Error occured while connecting to HTTPTracker(tracker.openbittorrent.com:80): [Errno -2] Name or service not known
2026-03-28 18:22:20,853 [ERROR] pytorrent.core.trackers: Error fetching peers from HTTPTracker(nyaa.tracker.wf:7777): Error Code: 400 - Bad Request
2026-03-28 18:22:20,855 [ERROR] pytorrent.core.trackers: Failed to get addr info from UDPTracker(private.anonseed.com:6969): [Errno -2] Name or service not known
2026-03-28 18:22:20,855 [ERROR] pytorrent.core.trackers: Failed to get addr info from UDPTracker(tracker.publictracker.xyz:6969): [Errno -2] Name or service not known
2026-03-28 18:22:20,961 [ERROR] pytorrent.core.trackers: Failed to get addr info from UDPTracker(tracker.ccp.ovh:6969): [Errno -2] Name or service not known
2026-03-28 18:22:20,961 [ERROR] pytorrent.core.trackers: Failed to get addr info from UDPTracker(tracker.0x7c0.com:6969): [Errno -2] Name or service not known
2026-03-28 18:22:20,999 [ERROR] pytorrent.core.trackers: Failed to get addr info from UDPTracker(tracker.farted.net:6969): [Errno -2] Name or service not known
2026-03-28 18:22:21,075 [ERROR] pytorrent.core.trackers: Failed to get addr info from UDPTracker(run-2.publictracker.xyz:6969): [Errno -2] Name or service not known
2026-03-28 18:22:21,125 [ERROR] pytorrent.core.trackers: Failed to get addr info from UDPTracker(oh.fuuuuuck.com:6969): [Errno -2] Name or service not known
2026-03-28 18:22:21,222 [ERROR] pytorrent.core.trackers: Failed to get addr info from UDPTracker(free.publictracker.xyz:6969): [Errno -2] Name or service not known
2026-03-28 18:22:21,337 [ERROR] pytorrent.core.trackers: Failed to get addr info from UDPTracker(mail.segso.net:6969): [Errno -2] Name or service not known
2026-03-28 18:22:21,472 [ERROR] pytorrent.core.trackers: Failed to get addr info from UDPTracker(public-tracker.cf:6969): [Errno -2] Name or service not known
2026-03-28 18:22:21,539 [ERROR] pytorrent.core.trackers: Failed to get addr info from UDPTracker(boysbitte.be:6969): [Errno -2] Name or service not known
2026-03-28 18:22:21,912 [WARNING] pytorrent.core.trackers: UDP tracker: announce response quá ngắn (8B) — có thể là error packet, bỏ qua.
2026-03-28 18:22:21,995 [ERROR] pytorrent.core.trackers: Failed to get addr info from UDPTracker(fh2.cmp-gaming.com:6969): [Errno -2] Name or service not known
2026-03-28 18:22:22,447 [ERROR] pytorrent.core.trackers: Error occured while connecting to HTTPTracker(tracker.opentrackr.org:1337): 
2026-03-28 18:22:22,447 [ERROR] pytorrent.core.trackers: Error occured while connecting to HTTPTracker(tracker1.520.jp:443): 
2026-03-28 18:22:22,447 [ERROR] pytorrent.core.trackers: Error occured while connecting to HTTPTracker(tracker.imgoingto.icu:443): 
2026-03-28 18:22:23,876 [ERROR] pytorrent.core.trackers: Error fetching peers from HTTPTracker(tracker1.520.jp:443): Error Code: 301 - Moved Permanently
2026-03-28 18:22:28,141 [ERROR] pytorrent.core.trackers: Error fetching peers from HTTPTracker(tracker.opentrackr.org:1337): Error Code: 400 - Invalid Request
2026-03-28 18:22:31,775 [ERROR] pytorrent.core.trackers: Failed to get addr info from UDPTracker(tracker.artixlinux.org:6969): [Errno -2] Name or service not known
2026-03-28 18:22:36,899 [WARNING] pytorrent.core.trackers: UDP tracker: announce response quá ngắn (8B) — có thể là error packet, bỏ qua.
2026-03-28 18:22:40,871 [ERROR] pytorrent.core.trackers: Failed to get addr info from UDPTracker(public.publictracker.xyz:6969): [Errno -2] Name or service not known
2026-03-28 18:23:06,935 [WARNING] pytorrent.core.trackers: UDP tracker: announce response quá ngắn (8B) — có thể là error packet, bỏ qua.
2026-03-28 18:23:34,437 [WARNING] pytorrent.torrent: Torrent: Pruned 1 peers.
2026-03-28 18:23:55,932 [ERROR] pytorrent.core.trackers: Failed to get addr info from UDPTracker(9.rarbg.com:2810): [Errno -2] Name or service not known
2026-03-28 18:23:55,933 [ERROR] pytorrent.core.trackers: Failed to get addr info from UDPTracker(tracker.tiny-vps.com:6969): [Errno -2] Name or service not known
2026-03-28 18:23:56,040 [ERROR] pytorrent.core.trackers: Failed to get addr info from UDPTracker(tracker.bitsearch.to:1337): [Errno -2] Name or service not known
2026-03-28 18:23:56,041 [ERROR] pytorrent.core.trackers: Error occured while connecting to HTTPTracker(tracker.gbitt.info:80): [Errno -2] Name or service not known
2026-03-28 18:23:56,234 [ERROR] pytorrent.core.trackers: Failed to get addr info from UDPTracker(retracker.netbynet.ru:2710): [Errno -2] Name or service not known
2026-03-28 18:23:58,805 [ERROR] pytorrent.core.trackers: Error occured while connecting to HTTPTracker(tracker.openbittorrent.com:80): 
2026-03-28 18:23:58,807 [ERROR] pytorrent.core.trackers: Error occured while connecting to HTTPTracker(tracker.opentrackr.org:1337): 
2026-03-28 18:24:02,694 [ERROR] pytorrent.core.trackers: Failed to get addr info from UDPTracker(retracker.lanta-net.ru:2710): [Errno -2] Name or service not known
2026-03-28 18:24:06,924 [WARNING] pytorrent.core.trackers: UDP tracker: announce response quá ngắn (8B) — có thể là error packet, bỏ qua.
2026-03-28 18:24:34,440 [WARNING] pytorrent.torrent: Torrent: Pruned 1 peers.
2026-03-28 18:25:34,442 [WARNING] pytorrent.torrent: Torrent: Pruned 1 peers.
2026-03-28 18:26:06,911 [WARNING] pytorrent.core.trackers: UDP tracker: announce response quá ngắn (8B) — có thể là error packet, bỏ qua.
2026-03-28 18:26:34,445 [WARNING] pytorrent.torrent: Torrent: Pruned 1 peers.
2026-03-28 18:26:46,712 [WARNING] pytorrent.core.trackers: UDP tracker: announce response quá ngắn (8B) — có thể là error packet, bỏ qua.
2026-03-28 18:30:06,917 [WARNING] pytorrent.core.trackers: UDP tracker: announce response quá ngắn (8B) — có thể là error packet, bỏ qua.
2026-03-28 18:30:13,112 [WARNING] pytorrent.core.trackers: UDP tracker: announce response quá ngắn (8B) — có thể là error packet, bỏ qua.
